<?xml version="1.0" encoding="UTF-8"?>
<testng-results skipped="0" failed="0" ignored="0" total="1" passed="1">
  <reporter-output>
  </reporter-output>
  <suite name="PetCenter" duration-ms="21489" started-at="2017-11-29T15:35:42Z" finished-at="2017-11-29T15:36:03Z">
    <groups>
    </groups>
    <test name="Demo PetCenter" duration-ms="21489" started-at="2017-11-29T15:35:42Z" finished-at="2017-11-29T15:36:03Z">
      <class name="pe.com.web.petcenter.LogInTests">
        <test-method status="PASS" signature="setUp(java.lang.String, java.lang.String, java.lang.String)[pri:0, instance:pe.com.web.petcenter.LogInTests@cf57e3]" name="setUp" is-config="true" duration-ms="9155" started-at="2017-11-29T10:35:42Z" finished-at="2017-11-29T10:35:51Z">
          <params>
            <param index="0">
              <value>
                <![CDATA[chrome]]>
              </value>
            </param>
            <param index="1">
              <value>
                <![CDATA[local]]>
              </value>
            </param>
            <param index="2">
              <value>
                <![CDATA[http://qa-trainingw7:86/]]>
              </value>
            </param>
          </params>
          <reporter-output>
          </reporter-output>
        </test-method> <!-- setUp -->
        <test-method status="PASS" signature="VerifyClickingLoginLink(java.lang.String)[pri:0, instance:pe.com.web.petcenter.LogInTests@cf57e3]" name="VerifyClickingLoginLink" duration-ms="11766" started-at="2017-11-29T10:35:51Z" finished-at="2017-11-29T10:36:02Z">
          <params>
            <param index="0">
              <value>
                <![CDATA[chrome]]>
              </value>
            </param>
          </params>
          <reporter-output>
          </reporter-output>
        </test-method> <!-- VerifyClickingLoginLink -->
        <test-method status="PASS" signature="tearDown()[pri:0, instance:pe.com.web.petcenter.LogInTests@cf57e3]" name="tearDown" is-config="true" duration-ms="544" started-at="2017-11-29T10:36:02Z" finished-at="2017-11-29T10:36:03Z">
          <reporter-output>
          </reporter-output>
        </test-method> <!-- tearDown -->
      </class> <!-- pe.com.web.petcenter.LogInTests -->
    </test> <!-- Demo PetCenter -->
  </suite> <!-- PetCenter -->
</testng-results>
