<?xml version="1.0" encoding="UTF-8"?>
<testng-results skipped="0" failed="0" ignored="0" total="1" passed="1">
  <reporter-output>
  </reporter-output>
  <suite name="PetCenter" duration-ms="23311" started-at="2017-11-24T17:33:18Z" finished-at="2017-11-24T17:33:42Z">
    <groups>
    </groups>
    <test name="Demo PetCenter" duration-ms="23311" started-at="2017-11-24T17:33:18Z" finished-at="2017-11-24T17:33:42Z">
      <class name="pe.com.web.petcenter.LogInTests">
        <test-method status="PASS" signature="setUp(java.lang.String, java.lang.String, java.lang.String)[pri:0, instance:pe.com.web.petcenter.LogInTests@23a2f9]" name="setUp" is-config="true" duration-ms="9917" started-at="2017-11-24T12:33:18Z" finished-at="2017-11-24T12:33:28Z">
          <params>
            <param index="0">
              <value>
                <![CDATA[firefox]]>
              </value>
            </param>
            <param index="1">
              <value>
                <![CDATA[local]]>
              </value>
            </param>
            <param index="2">
              <value>
                <![CDATA[http://qa-trainingw7:86/]]>
              </value>
            </param>
          </params>
          <reporter-output>
          </reporter-output>
        </test-method> <!-- setUp -->
        <test-method status="PASS" signature="VerifyClickingLoginLink(java.lang.String)[pri:0, instance:pe.com.web.petcenter.LogInTests@23a2f9]" name="VerifyClickingLoginLink" duration-ms="12941" started-at="2017-11-24T12:33:28Z" finished-at="2017-11-24T12:33:41Z">
          <params>
            <param index="0">
              <value>
                <![CDATA[firefox]]>
              </value>
            </param>
          </params>
          <reporter-output>
          </reporter-output>
        </test-method> <!-- VerifyClickingLoginLink -->
        <test-method status="PASS" signature="tearDown()[pri:0, instance:pe.com.web.petcenter.LogInTests@23a2f9]" name="tearDown" is-config="true" duration-ms="423" started-at="2017-11-24T12:33:41Z" finished-at="2017-11-24T12:33:42Z">
          <reporter-output>
          </reporter-output>
        </test-method> <!-- tearDown -->
      </class> <!-- pe.com.web.petcenter.LogInTests -->
    </test> <!-- Demo PetCenter -->
  </suite> <!-- PetCenter -->
</testng-results>
