<?xml version="1.0" encoding="UTF-8"?>
<!-- Generated by org.testng.reporters.JUnitXMLReporter -->
<testsuite hostname="LIM-WS00169" ignored="0" name="Demo PetCenter" tests="1" failures="0" timestamp="30 Nov 2017 17:43:27 GMT" time="0.133" errors="0">
  <testcase name="@BeforeMethod setUp" time="0.097" classname="pe.com.web.petcenter.core.MainTestCase">
    <failure type="java.lang.IllegalStateException" message="The driver executable does not exist: C:\Users\alexander.ocampo\Desktop\Automation\MicrosoftWebDriver.exe">
      <![CDATA[java.lang.IllegalStateException: The driver executable does not exist: C:\Users\alexander.ocampo\Desktop\Automation\MicrosoftWebDriver.exe
	at com.google.common.base.Preconditions.checkState(Preconditions.java:534)
	at org.openqa.selenium.remote.service.DriverService.checkExecutable(DriverService.java:136)
	at org.openqa.selenium.remote.service.DriverService.findExecutable(DriverService.java:131)
	at org.openqa.selenium.edge.EdgeDriverService.access$000(EdgeDriverService.java:34)
	at org.openqa.selenium.edge.EdgeDriverService$Builder.findDefaultExecutable(EdgeDriverService.java:75)
	at org.openqa.selenium.remote.service.DriverService$Builder.build(DriverService.java:339)
	at org.openqa.selenium.edge.EdgeDriverService.createDefaultService(EdgeDriverService.java:67)
	at org.openqa.selenium.edge.EdgeDriver.<init>(EdgeDriver.java:96)
	at pe.com.web.petcenter.core.DriverEdge.instanceWebDriver(DriverEdge.java:13)
	at pe.com.web.petcenter.core.DriverEdge.instanceWebDriver(DriverEdge.java:1)
	at pe.com.web.petcenter.core.DriverFactory.setMode(DriverFactory.java:32)
	at pe.com.web.petcenter.core.DriverFactory.getDriver(DriverFactory.java:26)
	at pe.com.web.petcenter.core.MainTestCase.setUp(MainTestCase.java:16)
... Removed 30 stack frames]]>
    </failure>
  </testcase> <!-- @BeforeMethod setUp -->
  <testcase name="VerifyClickingLoginLink" time="0.0" classname="pe.com.web.petcenter.LogInTests">
    <skipped/>
  </testcase> <!-- VerifyClickingLoginLink -->
</testsuite> <!-- Demo PetCenter -->
